{"name": "test_select_product_1", "status": "broken", "statusDetails": {"message": "selenium.common.exceptions.TimeoutException: Message: \nStacktrace:\nBacktrace:\n\t(No symbol) [0x0083DCE3]\n\t(No symbol) [0x007D39D1]\n\t(No symbol) [0x006E4DA8]\n\t(No symbol) [0x0071019F]\n\t(No symbol) [0x007103AB]\n\t(No symbol) [0x0073EE62]\n\t(No symbol) [0x0072AF14]\n\t(No symbol) [0x0073D57C]\n\t(No symbol) [0x0072ACC6]\n\t(No symbol) [0x00706F68]\n\t(No symbol) [0x007080CD]\n\tGetHandleVerifier [0x00AB3832+2506274]\n\tGetHandleVerifier [0x00AE9794+2727300]\n\tGetHandleVerifier [0x00AEE36C+2746716]\n\tGetHandleVerifier [0x008E6690+617600]\n\t(No symbol) [0x007DC712]\n\t(No symbol) [0x007E1FF8]\n\t(No symbol) [0x007E20DB]\n\t(No symbol) [0x007EC63B]\n\tBaseThreadInitThunk [0x779E00F9+25]\n\tRtlGetAppContainerNamedObjectPath [0x77B27BBE+286]\n\tRtlGetAppContainerNamedObjectPath [0x77B27B8E+238]", "trace": "set_module = None\n\n    @allure.description(\"Test select product 1\")\n    def test_select_product_1(set_module):\n        options = webdriver.ChromeOptions()\n        options.add_experimental_option(\"detach\", True)\n        options.add_experimental_option('excludeSwitches', ['enable-logging'])\n        g = Service()\n        driver = webdriver.Chrome(options=options, service=g)\n    \n        print(\"Begin Test 1\")\n    \n        mp = Main_page(driver)\n        \"\"\"Open main url and move to login page\"\"\"\n        mp.enter_login_page()\n    \n        lp = Login_page(driver)\n        \"\"\"Make authorization\"\"\"\n>       lp.authorization()\n\ntests\\test_buy_product.py:32: \n_ _ _ _ _ _ _ _ _ _ _ _ _ _ _ _ _ _ _ _ _ _ _ _ _ _ _ _ _ _ _ _ _ _ _ _ _ _ _ _ _ _ _ _ _ _ _ _ _ _ _ _ _ _ _ _ _ _ _ _ _ _ _ _ _ _ _ _ _ _ _ _ _ _ _ _ _ _ _ _ _ _ _ _ _ _ _ _ _ _ _ _ _ _ _ _ _ _ _ _ _ _ _ _ _ _ _ _ _ _ _ _ _ _ _ _\npages\\login_page.py:58: in authorization\n    self.input_user_email(\"test1@gmail.com\")\npages\\login_page.py:42: in input_user_email\n    self.get_user_email().send_keys(user_email)\npages\\login_page.py:28: in get_user_email\n    return WebDriverWait(self.driver, 30).until(EC.element_to_be_clickable((By.XPATH, self.user_email)))\n_ _ _ _ _ _ _ _ _ _ _ _ _ _ _ _ _ _ _ _ _ _ _ _ _ _ _ _ _ _ _ _ _ _ _ _ _ _ _ _ _ _ _ _ _ _ _ _ _ _ _ _ _ _ _ _ _ _ _ _ _ _ _ _ _ _ _ _ _ _ _ _ _ _ _ _ _ _ _ _ _ _ _ _ _ _ _ _ _ _ _ _ _ _ _ _ _ _ _ _ _ _ _ _ _ _ _ _ _ _ _ _ _ _ _ _\n\nself = <selenium.webdriver.support.wait.WebDriverWait (session=\"a0c2c0b81561aecdd0a317bf19619ede\")>, method = <function element_to_be_clickable.<locals>._predicate at 0x000001B0D022C680>, message = ''\n\n    def until(self, method, message: str = \"\"):\n        \"\"\"Calls the method provided with the driver as an argument until the \\\n        return value does not evaluate to ``False``.\n    \n        :param method: callable(WebDriver)\n        :param message: optional message for :exc:`TimeoutException`\n        :returns: the result of the last call to `method`\n        :raises: :exc:`selenium.common.exceptions.TimeoutException` if timeout occurs\n        \"\"\"\n        screen = None\n        stacktrace = None\n    \n        end_time = time.monotonic() + self._timeout\n        while True:\n            try:\n                value = method(self._driver)\n                if value:\n                    return value\n            except self._ignored_exceptions as exc:\n                screen = getattr(exc, \"screen\", None)\n                stacktrace = getattr(exc, \"stacktrace\", None)\n            time.sleep(self._poll)\n            if time.monotonic() > end_time:\n                break\n>       raise TimeoutException(message, screen, stacktrace)\nE       selenium.common.exceptions.TimeoutException: Message: \nE       Stacktrace:\nE       Backtrace:\nE       \t(No symbol) [0x0083DCE3]\nE       \t(No symbol) [0x007D39D1]\nE       \t(No symbol) [0x006E4DA8]\nE       \t(No symbol) [0x0071019F]\nE       \t(No symbol) [0x007103AB]\nE       \t(No symbol) [0x0073EE62]\nE       \t(No symbol) [0x0072AF14]\nE       \t(No symbol) [0x0073D57C]\nE       \t(No symbol) [0x0072ACC6]\nE       \t(No symbol) [0x00706F68]\nE       \t(No symbol) [0x007080CD]\nE       \tGetHandleVerifier [0x00AB3832+2506274]\nE       \tGetHandleVerifier [0x00AE9794+2727300]\nE       \tGetHandleVerifier [0x00AEE36C+2746716]\nE       \tGetHandleVerifier [0x008E6690+617600]\nE       \t(No symbol) [0x007DC712]\nE       \t(No symbol) [0x007E1FF8]\nE       \t(No symbol) [0x007E20DB]\nE       \t(No symbol) [0x007EC63B]\nE       \tBaseThreadInitThunk [0x779E00F9+25]\nE       \tRtlGetAppContainerNamedObjectPath [0x77B27BBE+286]\nE       \tRtlGetAppContainerNamedObjectPath [0x77B27B8E+238]\n\n..\\..\\venv\\Lib\\site-packages\\selenium\\webdriver\\support\\wait.py:95: TimeoutException"}, "description": "Test select product 1", "steps": [{"name": "Enter login page", "status": "passed", "start": 1679901640812, "stop": 1679901645878}, {"name": "Authorization", "status": "broken", "statusDetails": {"message": "selenium.common.exceptions.TimeoutException: Message: \nStacktrace:\nBacktrace:\n\t(No symbol) [0x0083DCE3]\n\t(No symbol) [0x007D39D1]\n\t(No symbol) [0x006E4DA8]\n\t(No symbol) [0x0071019F]\n\t(No symbol) [0x007103AB]\n\t(No symbol) [0x0073EE62]\n\t(No symbol) [0x0072AF14]\n\t(No symbol) [0x0073D57C]\n\t(No symbol) [0x0072ACC6]\n\t(No symbol) [0x00706F68]\n\t(No symbol) [0x007080CD]\n\tGetHandleVerifier [0x00AB3832+2506274]\n\tGetHandleVerifier [0x00AE9794+2727300]\n\tGetHandleVerifier [0x00AEE36C+2746716]\n\tGetHandleVerifier [0x008E6690+617600]\n\t(No symbol) [0x007DC712]\n\t(No symbol) [0x007E1FF8]\n\t(No symbol) [0x007E20DB]\n\t(No symbol) [0x007EC63B]\n\tBaseThreadInitThunk [0x779E00F9+25]\n\tRtlGetAppContainerNamedObjectPath [0x77B27BBE+286]\n\tRtlGetAppContainerNamedObjectPath [0x77B27B8E+238]\n\n", "trace": "  File \"C:\\Users\\Oleg\\PycharmProjects\\my_project\\pages\\login_page.py\", line 58, in authorization\n    self.input_user_email(\"test1@gmail.com\")\n  File \"C:\\Users\\Oleg\\PycharmProjects\\my_project\\pages\\login_page.py\", line 42, in input_user_email\n    self.get_user_email().send_keys(user_email)\n    ^^^^^^^^^^^^^^^^^^^^^\n  File \"C:\\Users\\Oleg\\PycharmProjects\\my_project\\pages\\login_page.py\", line 28, in get_user_email\n    return WebDriverWait(self.driver, 30).until(EC.element_to_be_clickable((By.XPATH, self.user_email)))\n           ^^^^^^^^^^^^^^^^^^^^^^^^^^^^^^^^^^^^^^^^^^^^^^^^^^^^^^^^^^^^^^^^^^^^^^^^^^^^^^^^^^^^^^^^^^^^^\n  File \"C:\\Users\\Oleg\\venv\\Lib\\site-packages\\selenium\\webdriver\\support\\wait.py\", line 95, in until\n    raise TimeoutException(message, screen, stacktrace)\n"}, "start": 1679901645878, "stop": 1679901675949}], "attachments": [{"name": "stdout", "source": "2e18c694-8046-4565-8433-b96fea4f0c1e-attachment.txt", "type": "text/plain"}], "start": 1679901639335, "stop": 1679901675949, "uuid": "a3cf6fdc-6be6-466c-8d53-1212a7761ccd", "historyId": "f79277969f3402191aa87b9159580033", "testCaseId": "7e693a2f3127954bc04634edb5d0872b", "fullName": "tests.test_buy_product#test_select_product_1", "labels": [{"name": "parentSuite", "value": "tests"}, {"name": "suite", "value": "test_buy_product"}, {"name": "host", "value": "DESKTOP-NLNUAAM"}, {"name": "thread", "value": "6900-MainThread"}, {"name": "framework", "value": "pytest"}, {"name": "language", "value": "cpython3"}, {"name": "package", "value": "tests.test_buy_product"}]}